# JRE version: Java(TM) SE Runtime Environment (8.0_144-b01) (build 1.8.0_144-b01)
# Java VM: Java HotSpot(TM) 64-Bit Server VM (25.144-b01 mixed mode linux-amd64 compressed oops)
Heap:
 PSYoungGen      total 256512K, used 8696K [0x00000000e0f00000, 0x00000000f1200000, 0x0000000100000000)
  eden space 247808K, 0% used [0x00000000e0f00000,0x00000000e0f00000,0x00000000f0100000)
  from space 8704K, 99% used [0x00000000f0100000,0x00000000f097e030,0x00000000f0980000)
  to   space 8192K, 0% used [0x00000000f0a00000,0x00000000f0a00000,0x00000000f1200000)
 ParOldGen       total 64512K, used 22590K [0x00000000a2c00000, 0x00000000a6b00000, 0x00000000e0f00000)
  object space 64512K, 35% used [0x00000000a2c00000,0x00000000a420fb78,0x00000000a6b00000)
 Metaspace       used 24757K, capacity 25928K, committed 26112K, reserved 1073152K
  class space    used 2400K, capacity 2776K, committed 2816K, reserved 1048576K
GC Heap History (10 events):
Event: 7,417 GC heap after
Heap after GC invocations=9 (full 0):
 PSYoungGen      total 103936K, used 6629K [0x00000000e0f00000, 0x00000000eb700000, 0x0000000100000000)
  eden space 97280K, 0% used [0x00000000e0f00000,0x00000000e0f00000,0x00000000e6e00000)
  from space 6656K, 99% used [0x00000000e6e00000,0x00000000e7479658,0x00000000e7480000)
  to   space 8192K, 0% used [0x00000000eaf00000,0x00000000eaf00000,0x00000000eb700000)
 ParOldGen       total 64512K, used 5790K [0x00000000a2c00000, 0x00000000a6b00000, 0x00000000e0f00000)
  object space 64512K, 8% used [0x00000000a2c00000,0x00000000a31a7ba0,0x00000000a6b00000)
 Metaspace       used 13279K, capacity 13618K, committed 13824K, reserved 1060864K
  class space    used 1294K, capacity 1423K, committed 1536K, reserved 1048576K
}
Event: 8,440 GC heap before
{Heap before GC invocations=10 (full 0):
 PSYoungGen      total 103936K, used 103909K [0x00000000e0f00000, 0x00000000eb700000, 0x0000000100000000)
  eden space 97280K, 100% used [0x00000000e0f00000,0x00000000e6e00000,0x00000000e6e00000)
  from space 6656K, 99% used [0x00000000e6e00000,0x00000000e7479658,0x00000000e7480000)
  to   space 8192K, 0% used [0x00000000eaf00000,0x00000000eaf00000,0x00000000eb700000)
 ParOldGen       total 64512K, used 5790K [0x00000000a2c00000, 0x00000000a6b00000, 0x00000000e0f00000)
  object space 64512K, 8% used [0x00000000a2c00000,0x00000000a31a7ba0,0x00000000a6b00000)
 Metaspace       used 14433K, capacity 14838K, committed 15232K, reserved 1062912K
  class space    used 1400K, capacity 1573K, committed 1664K, reserved 1048576K
Event: 8,468 GC heap after
Heap after GC invocations=10 (full 0):
 PSYoungGen      total 162816K, used 7733K [0x00000000e0f00000, 0x00000000eb900000, 0x0000000100000000)
  eden space 154624K, 0% used [0x00000000e0f00000,0x00000000e0f00000,0x00000000ea600000)
  from space 8192K, 94% used [0x00000000eaf00000,0x00000000eb68d528,0x00000000eb700000)
  to   space 9216K, 0% used [0x00000000ea600000,0x00000000ea600000,0x00000000eaf00000)
 ParOldGen       total 64512K, used 9446K [0x00000000a2c00000, 0x00000000a6b00000, 0x00000000e0f00000)
  object space 64512K, 14% used [0x00000000a2c00000,0x00000000a3539bb0,0x00000000a6b00000)
 Metaspace       used 14433K, capacity 14838K, committed 15232K, reserved 1062912K
  class space    used 1400K, capacity 1573K, committed 1664K, reserved 1048576K
}
Event: 10,082 GC heap before
{Heap before GC invocations=11 (full 0):
 PSYoungGen      total 162816K, used 162357K [0x00000000e0f00000, 0x00000000eb900000, 0x0000000100000000)
  eden space 154624K, 100% used [0x00000000e0f00000,0x00000000ea600000,0x00000000ea600000)
  from space 8192K, 94% used [0x00000000eaf00000,0x00000000eb68d528,0x00000000eb700000)
  to   space 9216K, 0% used [0x00000000ea600000,0x00000000ea600000,0x00000000eaf00000)
 ParOldGen       total 64512K, used 9446K [0x00000000a2c00000, 0x00000000a6b00000, 0x00000000e0f00000)
  object space 64512K, 14% used [0x00000000a2c00000,0x00000000a3539bb0,0x00000000a6b00000)
 Metaspace       used 17433K, capacity 18192K, committed 18432K, reserved 1064960K
  class space    used 1694K, capacity 1940K, committed 2048K, reserved 1048576K
Event: 10,106 GC heap after
Heap after GC invocations=11 (full 0):
 PSYoungGen      total 163840K, used 5900K [0x00000000e0f00000, 0x00000000f1300000, 0x0000000100000000)
  eden space 154624K, 0% used [0x00000000e0f00000,0x00000000e0f00000,0x00000000ea600000)
  from space 9216K, 64% used [0x00000000ea600000,0x00000000eabc3030,0x00000000eaf00000)
  to   space 9216K, 0% used [0x00000000f0a00000,0x00000000f0a00000,0x00000000f1300000)
 ParOldGen       total 64512K, used 15838K [0x00000000a2c00000, 0x00000000a6b00000, 0x00000000e0f00000)
  object space 64512K, 24% used [0x00000000a2c00000,0x00000000a3b77bb0,0x00000000a6b00000)
 Metaspace       used 17433K, capacity 18192K, committed 18432K, reserved 1064960K
  class space    used 1694K, capacity 1940K, committed 2048K, reserved 1048576K
}
Event: 11,471 GC heap before
{Heap before GC invocations=12 (full 0):
 PSYoungGen      total 163840K, used 151204K [0x00000000e0f00000, 0x00000000f1300000, 0x0000000100000000)
  eden space 154624K, 93% used [0x00000000e0f00000,0x00000000e9ce61f8,0x00000000ea600000)
  from space 9216K, 64% used [0x00000000ea600000,0x00000000eabc3030,0x00000000eaf00000)
  to   space 9216K, 0% used [0x00000000f0a00000,0x00000000f0a00000,0x00000000f1300000)
 ParOldGen       total 64512K, used 15838K [0x00000000a2c00000, 0x00000000a6b00000, 0x00000000e0f00000)
  object space 64512K, 24% used [0x00000000a2c00000,0x00000000a3b77bb0,0x00000000a6b00000)
 Metaspace       used 20256K, capacity 21148K, committed 21248K, reserved 1069056K
  class space    used 1965K, capacity 2262K, committed 2304K, reserved 1048576K
Event: 11,487 GC heap after
Heap after GC invocations=12 (full 0):
 PSYoungGen      total 256000K, used 5165K [0x00000000e0f00000, 0x00000000f1200000, 0x0000000100000000)
  eden space 247808K, 0% used [0x00000000e0f00000,0x00000000e0f00000,0x00000000f0100000)
  from space 8192K, 63% used [0x00000000f0a00000,0x00000000f0f0b568,0x00000000f1200000)
  to   space 8704K, 0% used [0x00000000f0100000,0x00000000f0100000,0x00000000f0980000)
 ParOldGen       total 64512K, used 19214K [0x00000000a2c00000, 0x00000000a6b00000, 0x00000000e0f00000)
  object space 64512K, 29% used [0x00000000a2c00000,0x00000000a3ec3bb0,0x00000000a6b00000)
 Metaspace       used 20256K, capacity 21148K, committed 21248K, reserved 1069056K
  class space    used 1965K, capacity 2262K, committed 2304K, reserved 1048576K
}
Event: 11,488 GC heap before
{Heap before GC invocations=13 (full 1):
 PSYoungGen      total 256000K, used 5165K [0x00000000e0f00000, 0x00000000f1200000, 0x0000000100000000)
  eden space 247808K, 0% used [0x00000000e0f00000,0x00000000e0f00000,0x00000000f0100000)
  from space 8192K, 63% used [0x00000000f0a00000,0x00000000f0f0b568,0x00000000f1200000)
  to   space 8704K, 0% used [0x00000000f0100000,0x00000000f0100000,0x00000000f0980000)
 ParOldGen       total 64512K, used 19214K [0x00000000a2c00000, 0x00000000a6b00000, 0x00000000e0f00000)
  object space 64512K, 29% used [0x00000000a2c00000,0x00000000a3ec3bb0,0x00000000a6b00000)
 Metaspace       used 20256K, capacity 21148K, committed 21248K, reserved 1069056K
  class space    used 1965K, capacity 2262K, committed 2304K, reserved 1048576K
Event: 11,677 GC heap after
Heap after GC invocations=13 (full 1):
 PSYoungGen      total 256000K, used 0K [0x00000000e0f00000, 0x00000000f1200000, 0x0000000100000000)
  eden space 247808K, 0% used [0x00000000e0f00000,0x00000000e0f00000,0x00000000f0100000)
  from space 8192K, 0% used [0x00000000f0a00000,0x00000000f0a00000,0x00000000f1200000)
  to   space 8704K, 0% used [0x00000000f0100000,0x00000000f0100000,0x00000000f0980000)
 ParOldGen       total 64512K, used 21795K [0x00000000a2c00000, 0x00000000a6b00000, 0x00000000e0f00000)
  object space 64512K, 33% used [0x00000000a2c00000,0x00000000a4148d80,0x00000000a6b00000)
 Metaspace       used 20125K, capacity 20938K, committed 21248K, reserved 1069056K
  class space    used 1946K, capacity 2227K, committed 2304K, reserved 1048576K
}
Event: 17,100 GC heap before
{Heap before GC invocations=14 (full 1):
 PSYoungGen      total 256000K, used 247808K [0x00000000e0f00000, 0x00000000f1200000, 0x0000000100000000)
  eden space 247808K, 100% used [0x00000000e0f00000,0x00000000f0100000,0x00000000f0100000)
  from space 8192K, 0% used [0x00000000f0a00000,0x00000000f0a00000,0x00000000f1200000)
  to   space 8704K, 0% used [0x00000000f0100000,0x00000000f0100000,0x00000000f0980000)
 ParOldGen       total 64512K, used 21795K [0x00000000a2c00000, 0x00000000a6b00000, 0x00000000e0f00000)
  object space 64512K, 33% used [0x00000000a2c00000,0x00000000a4148d80,0x00000000a6b00000)
 Metaspace       used 24757K, capacity 25928K, committed 26112K, reserved 1073152K
  class space    used 2400K, capacity 2776K, committed 2816K, reserved 1048576K

